2014/12/16 12:22:38 [error] [php] Missing argument 1 for CController::render(), called in H:\wwwroot\yiiblog\protected\controllers\IndexController.php on line 6 and defined (H:\FRAMEWORK\yii\web\CController.php:778)
Stack trace:
#0 H:\FRAMEWORK\yii\web\CController.php(308): CInlineAction->runWithParams()
#1 H:\FRAMEWORK\yii\web\CController.php(286): IndexController->runAction()
#2 H:\FRAMEWORK\yii\web\CController.php(265): IndexController->runActionWithFilters()
#3 H:\FRAMEWORK\yii\web\CWebApplication.php(282): IndexController->run()
#4 H:\FRAMEWORK\yii\web\CWebApplication.php(141): CWebApplication->runController()
#5 H:\FRAMEWORK\yii\base\CApplication.php(180): CWebApplication->processRequest()
#6 H:\wwwroot\yiiblog\index.php(13): CWebApplication->run()
REQUEST_URI=/yiiblog/
in H:\wwwroot\yiiblog\protected\controllers\IndexController.php (6)
in H:\wwwroot\yiiblog\index.php (13)
2014/12/16 12:37:14 [error] [php] Missing argument 1 for CController::render(), called in H:\wwwroot\yiiblog\protected\controllers\IndexController.php on line 6 and defined (H:\FRAMEWORK\yii\web\CController.php:778)
Stack trace:
#0 H:\FRAMEWORK\yii\web\CController.php(308): CInlineAction->runWithParams()
#1 H:\FRAMEWORK\yii\web\CController.php(286): IndexController->runAction()
#2 H:\FRAMEWORK\yii\web\CController.php(265): IndexController->runActionWithFilters()
#3 H:\FRAMEWORK\yii\web\CWebApplication.php(282): IndexController->run()
#4 H:\FRAMEWORK\yii\web\CWebApplication.php(141): CWebApplication->runController()
#5 H:\FRAMEWORK\yii\base\CApplication.php(180): CWebApplication->processRequest()
#6 H:\wwwroot\yiiblog\index.php(13): CWebApplication->run()
REQUEST_URI=/yiiblog/
in H:\wwwroot\yiiblog\protected\controllers\IndexController.php (6)
in H:\wwwroot\yiiblog\index.php (13)
2014/12/16 12:43:58 [error] [php] Undefined variable: YII (H:\wwwroot\yiiblog\protected\views\index\index.php:2)
Stack trace:
#0 H:\FRAMEWORK\yii\web\CController.php(869): IndexController->renderFile()
#1 H:\wwwroot\yiiblog\protected\controllers\IndexController.php(4): IndexController->renderPartial()
#2 H:\FRAMEWORK\yii\web\actions\CInlineAction.php(49): IndexController->actionIndex()
#3 H:\FRAMEWORK\yii\web\CController.php(308): CInlineAction->runWithParams()
#4 H:\FRAMEWORK\yii\web\CController.php(286): IndexController->runAction()
#5 H:\FRAMEWORK\yii\web\CController.php(265): IndexController->runActionWithFilters()
#6 H:\FRAMEWORK\yii\web\CWebApplication.php(282): IndexController->run()
#7 H:\FRAMEWORK\yii\web\CWebApplication.php(141): CWebApplication->runController()
#8 H:\FRAMEWORK\yii\base\CApplication.php(180): CWebApplication->processRequest()
#9 H:\wwwroot\yiiblog\index.php(13): CWebApplication->run()
REQUEST_URI=/yiiblog/
in H:\wwwroot\yiiblog\protected\views\index\index.php (2)
in H:\wwwroot\yiiblog\protected\controllers\IndexController.php (4)
in H:\wwwroot\yiiblog\index.php (13)
2014/12/16 12:43:58 [error] [php] Undefined variable: YII (H:\wwwroot\yiiblog\protected\views\index\index.php:2)
Stack trace:
#0 H:\FRAMEWORK\yii\web\CController.php(869): IndexController->renderFile()
#1 H:\wwwroot\yiiblog\protected\controllers\IndexController.php(4): IndexController->renderPartial()
#2 H:\FRAMEWORK\yii\web\actions\CInlineAction.php(49): IndexController->actionIndex()
#3 H:\FRAMEWORK\yii\web\CController.php(308): CInlineAction->runWithParams()
#4 H:\FRAMEWORK\yii\web\CController.php(286): IndexController->runAction()
#5 H:\FRAMEWORK\yii\web\CController.php(265): IndexController->runActionWithFilters()
#6 H:\FRAMEWORK\yii\web\CWebApplication.php(282): IndexController->run()
#7 H:\FRAMEWORK\yii\web\CWebApplication.php(141): CWebApplication->runController()
#8 H:\FRAMEWORK\yii\base\CApplication.php(180): CWebApplication->processRequest()
#9 H:\wwwroot\yiiblog\index.php(13): CWebApplication->run()
REQUEST_URI=/yiiblog/
in H:\wwwroot\yiiblog\protected\views\index\index.php (2)
in H:\wwwroot\yiiblog\protected\controllers\IndexController.php (4)
in H:\wwwroot\yiiblog\index.php (13)
2014/12/16 12:43:59 [error] [php] Undefined variable: YII (H:\wwwroot\yiiblog\protected\views\index\index.php:2)
Stack trace:
#0 H:\FRAMEWORK\yii\web\CController.php(869): IndexController->renderFile()
#1 H:\wwwroot\yiiblog\protected\controllers\IndexController.php(4): IndexController->renderPartial()
#2 H:\FRAMEWORK\yii\web\actions\CInlineAction.php(49): IndexController->actionIndex()
#3 H:\FRAMEWORK\yii\web\CController.php(308): CInlineAction->runWithParams()
#4 H:\FRAMEWORK\yii\web\CController.php(286): IndexController->runAction()
#5 H:\FRAMEWORK\yii\web\CController.php(265): IndexController->runActionWithFilters()
#6 H:\FRAMEWORK\yii\web\CWebApplication.php(282): IndexController->run()
#7 H:\FRAMEWORK\yii\web\CWebApplication.php(141): CWebApplication->runController()
#8 H:\FRAMEWORK\yii\base\CApplication.php(180): CWebApplication->processRequest()
#9 H:\wwwroot\yiiblog\index.php(13): CWebApplication->run()
REQUEST_URI=/yiiblog/
in H:\wwwroot\yiiblog\protected\views\index\index.php (2)
in H:\wwwroot\yiiblog\protected\controllers\IndexController.php (4)
in H:\wwwroot\yiiblog\index.php (13)
2014/12/16 12:44:39 [error] [exception.CHttpException.404] exception 'CHttpException' with message 'The system is unable to find the requested action "index2".' in H:\FRAMEWORK\yii\web\CController.php:483
Stack trace:
#0 H:\FRAMEWORK\yii\web\CController.php(270): CController->missingAction('index2')
#1 H:\FRAMEWORK\yii\web\CWebApplication.php(282): CController->run('index2')
#2 H:\FRAMEWORK\yii\web\CWebApplication.php(141): CWebApplication->runController('index/index2')
#3 H:\FRAMEWORK\yii\base\CApplication.php(180): CWebApplication->processRequest()
#4 H:\wwwroot\yiiblog\index.php(13): CApplication->run()
#5 {main}
REQUEST_URI=/yiiblog/index.php?r=index/index2
---
